[debug] [2019-05-08T09:41:35.172Z] ----------------------------------------------------------------------
[debug] [2019-05-08T09:41:35.174Z] Command:       /Users/jjalonso/.nvm/versions/node/v8.10.0/bin/node /Users/jjalonso/.nvm/versions/node/v8.10.0/bin/firebase serve --only functions
[debug] [2019-05-08T09:41:35.174Z] CLI Version:   6.7.0
[debug] [2019-05-08T09:41:35.174Z] Platform:      darwin
[debug] [2019-05-08T09:41:35.174Z] Node Version:  v8.10.0
[debug] [2019-05-08T09:41:35.175Z] Time:          Wed May 08 2019 10:41:35 GMT+0100 (BST)
[debug] [2019-05-08T09:41:35.175Z] ----------------------------------------------------------------------
[debug] 
[debug] [2019-05-08T09:41:35.192Z] > command requires scopes: ["email","openid","https://www.googleapis.com/auth/cloudplatformprojects.readonly","https://www.googleapis.com/auth/firebase","https://www.googleapis.com/auth/cloud-platform"]
[debug] [2019-05-08T09:41:35.193Z] > authorizing via signed-in user
[debug] [2019-05-08T09:41:35.193Z] [iam] checking project carta-ec41c for permissions ["firebase.projects.get"]
[debug] [2019-05-08T09:41:35.194Z] > refreshing access token with scopes: ["email","https://www.googleapis.com/auth/cloud-platform","https://www.googleapis.com/auth/cloudplatformprojects.readonly","https://www.googleapis.com/auth/firebase","openid"]
[debug] [2019-05-08T09:41:35.195Z] >>> HTTP REQUEST POST https://www.googleapis.com/oauth2/v3/token  
 <request body omitted>
[debug] [2019-05-08T09:41:35.349Z] <<< HTTP RESPONSE 200
[debug] [2019-05-08T09:41:35.359Z] >>> HTTP REQUEST POST https://cloudresourcemanager.googleapis.com/v1/projects/carta-ec41c:testIamPermissions  

[debug] [2019-05-08T09:41:36.113Z] <<< HTTP RESPONSE 200
[debug] [2019-05-08T09:41:36.115Z] >>> HTTP REQUEST GET https://cloudresourcemanager.googleapis.com/v1/projects/carta-ec41c  
 
[debug] [2019-05-08T09:41:36.822Z] <<< HTTP RESPONSE 200
[info] 
[info] === Serving from '/Users/jjalonso/Work/letter-generator'...
[info] 
[info] i  functions: Preparing to emulate functions.
[debug] [2019-05-08T09:41:37.692Z] Fetching environment
[debug] [2019-05-08T09:41:37.694Z] >>> HTTP REQUEST GET https://mobilesdk-pa.googleapis.com/v1/projects/703300338986:getServerAppConfig  
 
[debug] [2019-05-08T09:41:37.871Z] <<< HTTP RESPONSE 200
[debug] [2019-05-08T09:41:37.871Z] Starting @google-cloud/functions-emulator
[debug] [2019-05-08T09:41:39.415Z] Parsing function triggers
[info] ✔  functions: formOptions: http://localhost:5000/carta-ec41c/us-central1/formOptions
[info] ✔  functions: generateLetter: http://localhost:5000/carta-ec41c/us-central1/generateLetter
