[debug] [2019-05-06T19:31:49.360Z] ----------------------------------------------------------------------
[debug] [2019-05-06T19:31:49.361Z] Command:       /Users/jjalonso/.nvm/versions/node/v8.10.0/bin/node /Users/jjalonso/Work/letter-generator/node_modules/.bin/firebase serve --only functions
[debug] [2019-05-06T19:31:49.362Z] CLI Version:   6.7.1
[debug] [2019-05-06T19:31:49.362Z] Platform:      darwin
[debug] [2019-05-06T19:31:49.362Z] Node Version:  v8.10.0
[debug] [2019-05-06T19:31:49.362Z] Time:          Mon May 06 2019 20:31:49 GMT+0100 (BST)
[debug] [2019-05-06T19:31:49.362Z] ----------------------------------------------------------------------
[debug] 
[debug] [2019-05-06T19:31:49.377Z] > command requires scopes: ["email","openid","https://www.googleapis.com/auth/cloudplatformprojects.readonly","https://www.googleapis.com/auth/firebase","https://www.googleapis.com/auth/cloud-platform"]
[debug] [2019-05-06T19:31:49.377Z] > authorizing via signed-in user
[debug] [2019-05-06T19:31:49.378Z] [iam] checking project carta-ec41c for permissions ["firebase.projects.get"]
[debug] [2019-05-06T19:31:49.379Z] > refreshing access token with scopes: ["email","https://www.googleapis.com/auth/cloud-platform","https://www.googleapis.com/auth/cloudplatformprojects.readonly","https://www.googleapis.com/auth/firebase","openid"]
[debug] [2019-05-06T19:31:49.379Z] >>> HTTP REQUEST POST https://www.googleapis.com/oauth2/v3/token  
 <request body omitted>
[debug] [2019-05-06T19:31:49.570Z] <<< HTTP RESPONSE 200
[debug] [2019-05-06T19:31:49.582Z] >>> HTTP REQUEST POST https://cloudresourcemanager.googleapis.com/v1/projects/carta-ec41c:testIamPermissions  

[debug] [2019-05-06T19:31:50.451Z] <<< HTTP RESPONSE 200
[debug] [2019-05-06T19:31:50.453Z] >>> HTTP REQUEST GET https://cloudresourcemanager.googleapis.com/v1/projects/carta-ec41c  
 
[debug] [2019-05-06T19:31:51.270Z] <<< HTTP RESPONSE 200
[info] 
[info] === Serving from '/Users/jjalonso/Work/letter-generator'...
[info] 
[info] i  functions: Preparing to emulate functions.
[debug] [2019-05-06T19:31:52.156Z] Fetching environment
[debug] [2019-05-06T19:31:52.157Z] >>> HTTP REQUEST GET https://mobilesdk-pa.googleapis.com/v1/projects/703300338986:getServerAppConfig  
 
[debug] [2019-05-06T19:31:52.383Z] <<< HTTP RESPONSE 200
[debug] [2019-05-06T19:31:52.384Z] Starting @google-cloud/functions-emulator
[debug] [2019-05-06T19:31:53.928Z] Parsing function triggers
[info] ✔  functions: generateLetter: http://localhost:5000/carta-ec41c/us-central1/generateLetter
[info] ✔  functions: formOptions: http://localhost:5000/carta-ec41c/us-central1/formOptions
